#
# A fatal error has been detected by the Java Runtime Environment:
#
#  EXCEPTION_ACCESS_VIOLATION (0xc0000005) at pc=0x028c2353, pid=6320, tid=4904
#
# JRE version: 7.0_25-b17
# Java VM: Java HotSpot(TM) Client VM (23.25-b01 mixed mode, sharing windows-x86 )
# Problematic frame:
# J  java.lang.String.equals(Ljava/lang/Object;)Z
#
# Failed to write core dump. Minidumps are not enabled by default on client versions of Windows
#
# If you would like to submit a bug report, please visit:
#   http://bugreport.sun.com/bugreport/crash.jsp
#

---------------  T H R E A D  ---------------

Current thread (0x0282b400):  JavaThread "main" [_thread_in_Java, id=4904, stack(0x02560000,0x025b0000)]

siginfo: ExceptionCode=0xc0000005, writing address 0x00000001

Registers:
EAX=0x00000001, EBX=0x00000030, ECX=0x00000060, EDX=0xffffffff
ESP=0x025ae2c8, EBP=0x025ae474, ESI=0x244f4f10, EDI=0x00000000
EIP=0x028c2353, EFLAGS=0x00010202

Top of Stack: (sp=0x025ae2c8)
0x025ae2c8:   00000001 029d9858 244f4350 244f43e0
0x025ae2d8:   244c6708 552afeeb 29d11c28 244f46c8
0x025ae2e8:   025ae474 0290a944 244f4420 028329c8
0x025ae2f8:   29d08750 244dafa8 29cf10e8 244f4ef8
0x025ae308:   24601f78 028329c8 00000000 0282b400
0x025ae318:   025ae474 029c7290 244f4420 00000000
0x025ae328:   025ae35c 55263d83 0282b400 025ae368
0x025ae338:   29c6cfe0 39197d80 00000000 8161eea4 

Instructions: (pc=0x028c2353)
0x028c2333:   01 d1 00 c3 b8 01 00 00 00 83 c4 18 5d 85 05 00
0x028c2343:   01 d1 00 c3 b8 00 00 00 00 83 c4 18 5d 85 05 00
0x028c2353:   01 d1 00 c3 b8 01 00 00 00 83 c4 18 5d 85 05 00
0x028c2363:   01 d1 00 c3 89 14 24 e8 21 cf ff ff e8 dc b9 ff 


Register to memory mapping:

EAX=0x00000001 is an unknown value
EBX=0x00000030 is an unknown value
ECX=0x00000060 is an unknown value
EDX=0xffffffff is an unknown value
ESP=0x025ae2c8 is pointing into the stack for thread: 0x0282b400
EBP=0x025ae474 is pointing into the stack for thread: 0x0282b400
ESI=0x244f4f10 is an oop
[C 
 - klass: {type array char}
 - length: 32
EDI=0x00000000 is an unknown value


Stack: [0x02560000,0x025b0000],  sp=0x025ae2c8,  free space=312k
Native frames: (J=compiled Java code, j=interpreted, Vv=VM code, C=native code)
J  java.lang.String.equals(Ljava/lang/Object;)Z
V  [jvm.dll+0x124afa]
V  [jvm.dll+0x1d224e]
V  [jvm.dll+0x124b7d]
V  [jvm.dll+0xd8e34]
C  [java.dll+0x1015]  Java_java_security_AccessController_doPrivileged__Ljava_security_PrivilegedAction_2+0x15
j  org.apache.maven.model.interpolation.StringSearchModelInterpolator.interpolateObject(Ljava/lang/Object;Lorg/apache/maven/model/Model;Ljava/io/File;Lorg/apache/maven/model/building/ModelBuildingRequest;Lorg/apache/maven/model/building/ModelProblemCollector;)V+41
j  org.apache.maven.model.interpolation.StringSearchModelInterpolator.interpolateModel(Lorg/apache/maven/model/Model;Ljava/io/File;Lorg/apache/maven/model/building/ModelBuildingRequest;Lorg/apache/maven/model/building/ModelProblemCollector;)Lorg/apache/maven/model/Model;+7
j  org.apache.maven.model.building.DefaultModelBuilder.interpolateModel(Lorg/apache/maven/model/Model;Lorg/apache/maven/model/building/ModelBuildingRequest;Lorg/apache/maven/model/building/ModelProblemCollector;)Lorg/apache/maven/model/Model;+19
j  org.apache.maven.model.building.DefaultModelBuilder.build(Lorg/apache/maven/model/building/ModelBuildingRequest;)Lorg/apache/maven/model/building/ModelBuildingResult;+808
j  org.apache.maven.repository.internal.DefaultArtifactDescriptorReader.loadPom(Lorg/eclipse/aether/RepositorySystemSession;Lorg/eclipse/aether/resolution/ArtifactDescriptorRequest;Lorg/eclipse/aether/resolution/ArtifactDescriptorResult;)Lorg/apache/maven/model/Model;+626
j  org.apache.maven.repository.internal.DefaultArtifactDescriptorReader.readArtifactDescriptor(Lorg/eclipse/aether/RepositorySystemSession;Lorg/eclipse/aether/resolution/ArtifactDescriptorRequest;)Lorg/eclipse/aether/resolution/ArtifactDescriptorResult;+13
j  org.eclipse.aether.internal.impl.DefaultDependencyCollector.resolveCachedArtifactDescriptor(Lorg/eclipse/aether/internal/impl/DataPool;Lorg/eclipse/aether/resolution/ArtifactDescriptorRequest;Lorg/eclipse/aether/RepositorySystemSession;Lorg/eclipse/aether/graph/Dependency;Lorg/eclipse/aether/internal/impl/DefaultDependencyCollector$Results;Lorg/eclipse/aether/internal/impl/DefaultDependencyCollector$Args;)Lorg/eclipse/aether/resolution/ArtifactDescriptorResult;+27
j  org.eclipse.aether.internal.impl.DefaultDependencyCollector.getArtifactDescriptorResult(Lorg/eclipse/aether/internal/impl/DefaultDependencyCollector$Args;Lorg/eclipse/aether/internal/impl/DefaultDependencyCollector$Results;ZLorg/eclipse/aether/graph/Dependency;Lorg/eclipse/aether/resolution/ArtifactDescriptorRequest;)Lorg/eclipse/aether/resolution/ArtifactDescriptorResult;+31
j  org.eclipse.aether.internal.impl.DefaultDependencyCollector.processDependency(Lorg/eclipse/aether/internal/impl/DefaultDependencyCollector$Args;Lorg/eclipse/aether/internal/impl/DefaultDependencyCollector$Results;Ljava/util/List;Lorg/eclipse/aether/collection/DependencySelector;Lorg/eclipse/aether/collection/DependencyManager;Lorg/eclipse/aether/collection/DependencyTraverser;Lorg/eclipse/aether/collection/VersionFilter;Lorg/eclipse/aether/graph/Dependency;Ljava/util/List;Z)V+214
j  org.eclipse.aether.internal.impl.DefaultDependencyCollector.processDependency(Lorg/eclipse/aether/internal/impl/DefaultDependencyCollector$Args;Lorg/eclipse/aether/internal/impl/DefaultDependencyCollector$Results;Ljava/util/List;Lorg/eclipse/aether/collection/DependencySelector;Lorg/eclipse/aether/collection/DependencyManager;Lorg/eclipse/aether/collection/DependencyTraverser;Lorg/eclipse/aether/collection/VersionFilter;Lorg/eclipse/aether/graph/Dependency;)V+26
j  org.eclipse.aether.internal.impl.DefaultDependencyCollector.process(Lorg/eclipse/aether/internal/impl/DefaultDependencyCollector$Args;Lorg/eclipse/aether/internal/impl/DefaultDependencyCollector$Results;Ljava/util/List;Ljava/util/List;Lorg/eclipse/aether/collection/DependencySelector;Lorg/eclipse/aether/collection/DependencyManager;Lorg/eclipse/aether/collection/DependencyTraverser;Lorg/eclipse/aether/collection/VersionFilter;)V+45
j  org.eclipse.aether.internal.impl.DefaultDependencyCollector.doRecurse(Lorg/eclipse/aether/internal/impl/DefaultDependencyCollector$Args;Lorg/eclipse/aether/internal/impl/DefaultDependencyCollector$Results;Ljava/util/List;Lorg/eclipse/aether/collection/DependencySelector;Lorg/eclipse/aether/collection/DependencyManager;Lorg/eclipse/aether/collection/DependencyTraverser;Lorg/eclipse/aether/collection/VersionFilter;Lorg/eclipse/aether/graph/Dependency;Lorg/eclipse/aether/resolution/ArtifactDescriptorResult;Lorg/eclipse/aether/graph/DefaultDependencyNode;)V+212
j  org.eclipse.aether.internal.impl.DefaultDependencyCollector.processDependency(Lorg/eclipse/aether/internal/impl/DefaultDependencyCollector$Args;Lorg/eclipse/aether/internal/impl/DefaultDependencyCollector$Results;Ljava/util/List;Lorg/eclipse/aether/collection/DependencySelector;Lorg/eclipse/aether/collection/DependencyManager;Lorg/eclipse/aether/collection/DependencyTraverser;Lorg/eclipse/aether/collection/VersionFilter;Lorg/eclipse/aether/graph/Dependency;Ljava/util/List;Z)V+556
j  org.eclipse.aether.internal.impl.DefaultDependencyCollector.processDependency(Lorg/eclipse/aether/internal/impl/DefaultDependencyCollector$Args;Lorg/eclipse/aether/internal/impl/DefaultDependencyCollector$Results;Ljava/util/List;Lorg/eclipse/aether/collection/DependencySelector;Lorg/eclipse/aether/collection/DependencyManager;Lorg/eclipse/aether/collection/DependencyTraverser;Lorg/eclipse/aether/collection/VersionFilter;Lorg/eclipse/aether/graph/Dependency;)V+26
j  org.eclipse.aether.internal.impl.DefaultDependencyCollector.process(Lorg/eclipse/aether/internal/impl/DefaultDependencyCollector$Args;Lorg/eclipse/aether/internal/impl/DefaultDependencyCollector$Results;Ljava/util/List;Ljava/util/List;Lorg/eclipse/aether/collection/DependencySelector;Lorg/eclipse/aether/collection/DependencyManager;Lorg/eclipse/aether/collection/DependencyTraverser;Lorg/eclipse/aether/collection/VersionFilter;)V+45
j  org.eclipse.aether.internal.impl.DefaultDependencyCollector.doRecurse(Lorg/eclipse/aether/internal/impl/DefaultDependencyCollector$Args;Lorg/eclipse/aether/internal/impl/DefaultDependencyCollector$Results;Ljava/util/List;Lorg/eclipse/aether/collection/DependencySelector;Lorg/eclipse/aether/collection/DependencyManager;Lorg/eclipse/aether/collection/DependencyTraverser;Lorg/eclipse/aether/collection/VersionFilter;Lorg/eclipse/aether/graph/Dependency;Lorg/eclipse/aether/resolution/ArtifactDescriptorResult;Lorg/eclipse/aether/graph/DefaultDependencyNode;)V+212
j  org.eclipse.aether.internal.impl.DefaultDependencyCollector.processDependency(Lorg/eclipse/aether/internal/impl/DefaultDependencyCollector$Args;Lorg/eclipse/aether/internal/impl/DefaultDependencyCollector$Results;Ljava/util/List;Lorg/eclipse/aether/collection/DependencySelector;Lorg/eclipse/aether/collection/DependencyManager;Lorg/eclipse/aether/collection/DependencyTraverser;Lorg/eclipse/aether/collection/VersionFilter;Lorg/eclipse/aether/graph/Dependency;Ljava/util/List;Z)V+556
j  org.eclipse.aether.internal.impl.DefaultDependencyCollector.processDependency(Lorg/eclipse/aether/internal/impl/DefaultDependencyCollector$Args;Lorg/eclipse/aether/internal/impl/DefaultDependencyCollector$Results;Ljava/util/List;Lorg/eclipse/aether/collection/DependencySelector;Lorg/eclipse/aether/collection/DependencyManager;Lorg/eclipse/aether/collection/DependencyTraverser;Lorg/eclipse/aether/collection/VersionFilter;Lorg/eclipse/aether/graph/Dependency;)V+26
j  org.eclipse.aether.internal.impl.DefaultDependencyCollector.process(Lorg/eclipse/aether/internal/impl/DefaultDependencyCollector$Args;Lorg/eclipse/aether/internal/impl/DefaultDependencyCollector$Results;Ljava/util/List;Ljava/util/List;Lorg/eclipse/aether/collection/DependencySelector;Lorg/eclipse/aether/collection/DependencyManager;Lorg/eclipse/aether/collection/DependencyTraverser;Lorg/eclipse/aether/collection/VersionFilter;)V+45
j  org.eclipse.aether.internal.impl.DefaultDependencyCollector.collectDependencies(Lorg/eclipse/aether/RepositorySystemSession;Lorg/eclipse/aether/collection/CollectRequest;)Lorg/eclipse/aether/collection/CollectResult;+735
j  org.eclipse.aether.internal.impl.DefaultRepositorySystem.collectDependencies(Lorg/eclipse/aether/RepositorySystemSession;Lorg/eclipse/aether/collection/CollectRequest;)Lorg/eclipse/aether/collection/CollectResult;+11
j  org.apache.maven.plugin.internal.DefaultPluginDependenciesResolver.resolveInternal(Lorg/apache/maven/model/Plugin;Lorg/eclipse/aether/artifact/Artifact;Lorg/eclipse/aether/graph/DependencyFilter;Lorg/eclipse/aether/collection/DependencyGraphTransformer;Ljava/util/List;Lorg/eclipse/aether/RepositorySystemSession;)Lorg/eclipse/aether/graph/DependencyNode;+272
j  org.apache.maven.plugin.internal.DefaultPluginDependenciesResolver.resolve(Lorg/apache/maven/model/Plugin;Lorg/eclipse/aether/artifact/Artifact;Lorg/eclipse/aether/graph/DependencyFilter;Ljava/util/List;Lorg/eclipse/aether/RepositorySystemSession;)Lorg/eclipse/aether/graph/DependencyNode;+15
j  org.apache.maven.plugin.internal.DefaultMavenPluginManager.createPluginRealm(Lorg/apache/maven/plugin/descriptor/PluginDescriptor;Lorg/apache/maven/execution/MavenSession;Ljava/lang/ClassLoader;Ljava/util/Map;Lorg/eclipse/aether/graph/DependencyFilter;)V+90
j  org.apache.maven.plugin.internal.DefaultMavenPluginManager.setupPluginRealm(Lorg/apache/maven/plugin/descriptor/PluginDescriptor;Lorg/apache/maven/execution/MavenSession;Ljava/lang/ClassLoader;Ljava/util/List;Lorg/eclipse/aether/graph/DependencyFilter;)V+263
j  org.apache.maven.plugin.DefaultBuildPluginManager.getPluginRealm(Lorg/apache/maven/execution/MavenSession;Lorg/apache/maven/plugin/descriptor/PluginDescriptor;)Lorg/codehaus/plexus/classworlds/realm/ClassRealm;+20
j  org.apache.maven.plugin.DefaultBuildPluginManager.executeMojo(Lorg/apache/maven/execution/MavenSession;Lorg/apache/maven/plugin/MojoExecution;)V+21
j  org.apache.maven.lifecycle.internal.MojoExecutor.execute(Lorg/apache/maven/execution/MavenSession;Lorg/apache/maven/plugin/MojoExecution;Lorg/apache/maven/lifecycle/internal/ProjectIndex;Lorg/apache/maven/lifecycle/internal/DependencyContext;)V+220
j  org.apache.maven.lifecycle.internal.MojoExecutor.execute(Lorg/apache/maven/execution/MavenSession;Lorg/apache/maven/plugin/MojoExecution;Lorg/apache/maven/lifecycle/internal/ProjectIndex;Lorg/apache/maven/lifecycle/internal/DependencyContext;Lorg/apache/maven/lifecycle/internal/PhaseRecorder;)V+6
j  org.apache.maven.lifecycle.internal.MojoExecutor.execute(Lorg/apache/maven/execution/MavenSession;Ljava/util/List;Lorg/apache/maven/lifecycle/internal/ProjectIndex;)V+60
j  org.apache.maven.lifecycle.internal.LifecycleModuleBuilder.buildProject(Lorg/apache/maven/execution/MavenSession;Lorg/apache/maven/execution/MavenSession;Lorg/apache/maven/lifecycle/internal/ReactorContext;Lorg/apache/maven/project/MavenProject;Lorg/apache/maven/lifecycle/internal/TaskSegment;)V+180
j  org.apache.maven.lifecycle.internal.LifecycleModuleBuilder.buildProject(Lorg/apache/maven/execution/MavenSession;Lorg/apache/maven/lifecycle/internal/ReactorContext;Lorg/apache/maven/project/MavenProject;Lorg/apache/maven/lifecycle/internal/TaskSegment;)V+7
j  org.apache.maven.lifecycle.internal.builder.singlethreaded.SingleThreadedBuilder.build(Lorg/apache/maven/execution/MavenSession;Lorg/apache/maven/lifecycle/internal/ReactorContext;Lorg/apache/maven/lifecycle/internal/ProjectBuildList;Ljava/util/List;Lorg/apache/maven/lifecycle/internal/ReactorBuildStatus;)V+77
j  org.apache.maven.lifecycle.internal.LifecycleStarter.execute(Lorg/apache/maven/execution/MavenSession;)V+353
j  org.apache.maven.DefaultMaven.doExecute(Lorg/apache/maven/execution/MavenExecutionRequest;Lorg/apache/maven/execution/MavenSession;Lorg/apache/maven/execution/MavenExecutionResult;Lorg/eclipse/aether/DefaultRepositorySystemSession;)Lorg/apache/maven/execution/MavenExecutionResult;+414
j  org.apache.maven.DefaultMaven.doExecute(Lorg/apache/maven/execution/MavenExecutionRequest;)Lorg/apache/maven/execution/MavenExecutionResult;+99
j  org.apache.maven.DefaultMaven.execute(Lorg/apache/maven/execution/MavenExecutionRequest;)Lorg/apache/maven/execution/MavenExecutionResult;+2
j  org.apache.maven.cli.MavenCli.execute(Lorg/apache/maven/cli/CliRequest;)I+27
j  org.apache.maven.cli.MavenCli.doMain(Lorg/apache/maven/cli/CliRequest;)I+66
j  org.apache.maven.cli.MavenCli.main([Ljava/lang/String;Lorg/codehaus/plexus/classworlds/ClassWorld;)I+18
v  ~StubRoutines::call_stub
V  [jvm.dll+0x124afa]
V  [jvm.dll+0x1d224e]
V  [jvm.dll+0x124b7d]
V  [jvm.dll+0x12f95f]
V  [jvm.dll+0x12fbc5]
V  [jvm.dll+0xd0f49]
C  [java.dll+0x7d7d]  Java_sun_reflect_NativeMethodAccessorImpl_invoke0+0x15
j  sun.reflect.NativeMethodAccessorImpl.invoke(Ljava/lang/Object;[Ljava/lang/Object;)Ljava/lang/Object;+87
j  sun.reflect.DelegatingMethodAccessorImpl.invoke(Ljava/lang/Object;[Ljava/lang/Object;)Ljava/lang/Object;+6
j  java.lang.reflect.Method.invoke(Ljava/lang/Object;[Ljava/lang/Object;)Ljava/lang/Object;+57
j  org.codehaus.plexus.classworlds.launcher.Launcher.launchEnhanced([Ljava/lang/String;)V+45
j  org.codehaus.plexus.classworlds.launcher.Launcher.launch([Ljava/lang/String;)V+2
j  org.codehaus.plexus.classworlds.launcher.Launcher.mainWithExitCode([Ljava/lang/String;)I+101
j  org.codehaus.plexus.classworlds.launcher.Launcher.main([Ljava/lang/String;)V+1
v  ~StubRoutines::call_stub
V  [jvm.dll+0x124afa]
V  [jvm.dll+0x1d224e]
V  [jvm.dll+0x124b7d]
V  [jvm.dll+0xab0cf]
V  [jvm.dll+0xb5397]
C  [javaw.exe+0x206c]
C  [javaw.exe+0xa5b1]
C  [javaw.exe+0xa63b]
C  [KERNEL32.DLL+0x17c04]  BaseThreadInitThunk+0x24
C  [ntdll.dll+0x5ad2f]  RtlInitializeExceptionChain+0x8f
C  [ntdll.dll+0x5acfa]  RtlInitializeExceptionChain+0x5a


---------------  P R O C E S S  ---------------

Java Threads: ( => current thread )
  0x0270b400 JavaThread "Service Thread" daemon [_thread_blocked, id=1304, stack(0x04c60000,0x04cb0000)]
  0x026ff400 JavaThread "C1 CompilerThread0" daemon [_thread_blocked, id=6976, stack(0x04bd0000,0x04c20000)]
  0x026fd000 JavaThread "Attach Listener" daemon [_thread_blocked, id=8948, stack(0x04b40000,0x04b90000)]
  0x026fac00 JavaThread "Signal Dispatcher" daemon [_thread_blocked, id=7428, stack(0x04ab0000,0x04b00000)]
  0x026e6000 JavaThread "Finalizer" daemon [_thread_blocked, id=1696, stack(0x04a20000,0x04a70000)]
  0x026e4800 JavaThread "Reference Handler" daemon [_thread_blocked, id=7884, stack(0x04990000,0x049e0000)]
=>0x0282b400 JavaThread "main" [_thread_in_Java, id=4904, stack(0x02560000,0x025b0000)]

Other Threads:
  0x026e2c00 VMThread [stack: 0x04900000,0x04950000] [id=8564]
  0x0271d000 WatcherThread [stack: 0x04cf0000,0x04d40000] [id=7268]

VM state:not at safepoint (normal execution)

VM Mutex/Monitor currently owned by a thread: None

Heap
 def new generation   total 4928K, used 3785K [0x241a0000, 0x246f0000, 0x296f0000)
  eden space 4416K,  77% used [0x241a0000, 0x244f9560, 0x245f0000)
  from space 512K,  69% used [0x245f0000, 0x24649170, 0x24670000)
  to   space 512K,   0% used [0x24670000, 0x24670000, 0x246f0000)
 tenured generation   total 10944K, used 7559K [0x296f0000, 0x2a1a0000, 0x341a0000)
   the space 10944K,  69% used [0x296f0000, 0x29e51f38, 0x29e52000, 0x2a1a0000)
 compacting perm gen  total 12288K, used 6612K [0x341a0000, 0x34da0000, 0x381a0000)
   the space 12288K,  53% used [0x341a0000, 0x348153b0, 0x34815400, 0x34da0000)
    ro space 10240K,  45% used [0x381a0000, 0x38629b28, 0x38629c00, 0x38ba0000)
    rw space 12288K,  54% used [0x38ba0000, 0x3922d0e8, 0x3922d200, 0x397a0000)

Card table byte_map: [0x02750000,0x02800000] byte_map_base: 0x0262f300

Polling page: 0x00d10000

Code Cache  [0x02830000, 0x02a10000, 0x04830000)
 total_blobs=1107 nmethods=942 adapters=99 free_code_cache=30857Kb largest_free_block=31597056

Compilation events (10 events):
Event: 2.109 Thread 0x026ff400  952             org.eclipse.aether.artifact.DefaultArtifact::getArtifactId (5 bytes)
Event: 2.109 Thread 0x026ff400 nmethod 952 0x02a0c988 code [0x02a0ca80, 0x02a0cb00]
Event: 2.115 Thread 0x026ff400  953             java.util.regex.Matcher::search (109 bytes)
Event: 2.115 Thread 0x026ff400 nmethod 953 0x02a0cb48 code [0x02a0cc60, 0x02a0cdac]
Event: 2.117 Thread 0x026ff400  954             org.eclipse.aether.artifact.DefaultArtifact::getVersion (5 bytes)
Event: 2.117 Thread 0x026ff400 nmethod 954 0x02a0cf08 code [0x02a0d000, 0x02a0d080]
Event: 2.122 Thread 0x026ff400  955  s!         java.util.Hashtable::clone (98 bytes)
Event: 2.122 Thread 0x026ff400 nmethod 955 0x02a0d0c8 code [0x02a0d220, 0x02a0d6e4]
Event: 2.122 Thread 0x026ff400  956             org.apache.maven.model.Profile::getActivation (5 bytes)
Event: 2.123 Thread 0x026ff400 nmethod 956 0x02a0dc48 code [0x02a0dd40, 0x02a0ddc0]

GC Heap History (10 events):
Event: 1.519 GC heap before
{Heap before GC invocations=17 (full 0):
 def new generation   total 4928K, used 4927K [0x241a0000, 0x246f0000, 0x296f0000)
  eden space 4416K, 100% used [0x241a0000, 0x245f0000, 0x245f0000)
  from space 512K,  99% used [0x24670000, 0x246effd8, 0x246f0000)
  to   space 512K,   0% used [0x245f0000, 0x245f0000, 0x24670000)
 tenured generation   total 10944K, used 5577K [0x296f0000, 0x2a1a0000, 0x341a0000)
   the space 10944K,  50% used [0x296f0000, 0x29c626c0, 0x29c62800, 0x2a1a0000)
 compacting perm gen  total 12288K, used 6223K [0x341a0000, 0x34da0000, 0x381a0000)
   the space 12288K,  50% used [0x341a0000, 0x347b3fa0, 0x347b4000, 0x34da0000)
    ro space 10240K,  45% used [0x381a0000, 0x38629b28, 0x38629c00, 0x38ba0000)
    rw space 12288K,  54% used [0x38ba0000, 0x3922d0e8, 0x3922d200, 0x397a0000)
Event: 1.523 GC heap after
Heap after GC invocations=18 (full 0):
 def new generation   total 4928K, used 511K [0x241a0000, 0x246f0000, 0x296f0000)
  eden space 4416K,   0% used [0x241a0000, 0x241a0000, 0x245f0000)
  from space 512K,  99% used [0x245f0000, 0x2466fff8, 0x24670000)
  to   space 512K,   0% used [0x24670000, 0x24670000, 0x246f0000)
 tenured generation   total 10944K, used 6107K [0x296f0000, 0x2a1a0000, 0x341a0000)
   the space 10944K,  55% used [0x296f0000, 0x29ce6e88, 0x29ce7000, 0x2a1a0000)
 compacting perm gen  total 12288K, used 6223K [0x341a0000, 0x34da0000, 0x381a0000)
   the space 12288K,  50% used [0x341a0000, 0x347b3fa0, 0x347b4000, 0x34da0000)
    ro space 10240K,  45% used [0x381a0000, 0x38629b28, 0x38629c00, 0x38ba0000)
    rw space 12288K,  54% used [0x38ba0000, 0x3922d0e8, 0x3922d200, 0x397a0000)
}
Event: 1.664 GC heap before
{Heap before GC invocations=18 (full 0):
 def new generation   total 4928K, used 4927K [0x241a0000, 0x246f0000, 0x296f0000)
  eden space 4416K, 100% used [0x241a0000, 0x245f0000, 0x245f0000)
  from space 512K,  99% used [0x245f0000, 0x2466fff8, 0x24670000)
  to   space 512K,   0% used [0x24670000, 0x24670000, 0x246f0000)
 tenured generation   total 10944K, used 6107K [0x296f0000, 0x2a1a0000, 0x341a0000)
   the space 10944K,  55% used [0x296f0000, 0x29ce6e88, 0x29ce7000, 0x2a1a0000)
 compacting perm gen  total 12288K, used 6507K [0x341a0000, 0x34da0000, 0x381a0000)
   the space 12288K,  52% used [0x341a0000, 0x347fae00, 0x347fae00, 0x34da0000)
    ro space 10240K,  45% used [0x381a0000, 0x38629b28, 0x38629c00, 0x38ba0000)
    rw space 12288K,  54% used [0x38ba0000, 0x3922d0e8, 0x3922d200, 0x397a0000)
Event: 1.669 GC heap after
Heap after GC invocations=19 (full 0):
 def new generation   total 4928K, used 512K [0x241a0000, 0x246f0000, 0x296f0000)
  eden space 4416K,   0% used [0x241a0000, 0x241a0000, 0x245f0000)
  from space 512K, 100% used [0x24670000, 0x246f0000, 0x246f0000)
  to   space 512K,   0% used [0x245f0000, 0x245f0000, 0x24670000)
 tenured generation   total 10944K, used 6468K [0x296f0000, 0x2a1a0000, 0x341a0000)
   the space 10944K,  59% used [0x296f0000, 0x29d41148, 0x29d41200, 0x2a1a0000)
 compacting perm gen  total 12288K, used 6507K [0x341a0000, 0x34da0000, 0x381a0000)
   the space 12288K,  52% used [0x341a0000, 0x347fae00, 0x347fae00, 0x34da0000)
    ro space 10240K,  45% used [0x381a0000, 0x38629b28, 0x38629c00, 0x38ba0000)
    rw space 12288K,  54% used [0x38ba0000, 0x3922d0e8, 0x3922d200, 0x397a0000)
}
Event: 1.774 GC heap before
{Heap before GC invocations=19 (full 0):
 def new generation   total 4928K, used 4928K [0x241a0000, 0x246f0000, 0x296f0000)
  eden space 4416K, 100% used [0x241a0000, 0x245f0000, 0x245f0000)
  from space 512K, 100% used [0x24670000, 0x246f0000, 0x246f0000)
  to   space 512K,   0% used [0x245f0000, 0x245f0000, 0x24670000)
 tenured generation   total 10944K, used 6468K [0x296f0000, 0x2a1a0000, 0x341a0000)
   the space 10944K,  59% used [0x296f0000, 0x29d41148, 0x29d41200, 0x2a1a0000)
 compacting perm gen  total 12288K, used 6510K [0x341a0000, 0x34da0000, 0x381a0000)
   the space 12288K,  52% used [0x341a0000, 0x347fb950, 0x347fba00, 0x34da0000)
    ro space 10240K,  45% used [0x381a0000, 0x38629b28, 0x38629c00, 0x38ba0000)
    rw space 12288K,  54% used [0x38ba0000, 0x3922d0e8, 0x3922d200, 0x397a0000)
Event: 1.779 GC heap after
Heap after GC invocations=20 (full 0):
 def new generation   total 4928K, used 512K [0x241a0000, 0x246f0000, 0x296f0000)
  eden space 4416K,   0% used [0x241a0000, 0x241a0000, 0x245f0000)
  from space 512K, 100% used [0x245f0000, 0x24670000, 0x24670000)
  to   space 512K,   0% used [0x24670000, 0x24670000, 0x246f0000)
 tenured generation   total 10944K, used 6949K [0x296f0000, 0x2a1a0000, 0x341a0000)
   the space 10944K,  63% used [0x296f0000, 0x29db9798, 0x29db9800, 0x2a1a0000)
 compacting perm gen  total 12288K, used 6510K [0x341a0000, 0x34da0000, 0x381a0000)
   the space 12288K,  52% used [0x341a0000, 0x347fb950, 0x347fba00, 0x34da0000)
    ro space 10240K,  45% used [0x381a0000, 0x38629b28, 0x38629c00, 0x38ba0000)
    rw space 12288K,  54% used [0x38ba0000, 0x3922d0e8, 0x3922d200, 0x397a0000)
}
Event: 1.876 GC heap before
{Heap before GC invocations=20 (full 0):
 def new generation   total 4928K, used 4928K [0x241a0000, 0x246f0000, 0x296f0000)
  eden space 4416K, 100% used [0x241a0000, 0x245f0000, 0x245f0000)
  from space 512K, 100% used [0x245f0000, 0x24670000, 0x24670000)
  to   space 512K,   0% used [0x24670000, 0x24670000, 0x246f0000)
 tenured generation   total 10944K, used 6949K [0x296f0000, 0x2a1a0000, 0x341a0000)
   the space 10944K,  63% used [0x296f0000, 0x29db9798, 0x29db9800, 0x2a1a0000)
 compacting perm gen  total 12288K, used 6555K [0x341a0000, 0x34da0000, 0x381a0000)
   the space 12288K,  53% used [0x341a0000, 0x34806db0, 0x34806e00, 0x34da0000)
    ro space 10240K,  45% used [0x381a0000, 0x38629b28, 0x38629c00, 0x38ba0000)
    rw space 12288K,  54% used [0x38ba0000, 0x3922d0e8, 0x3922d200, 0x397a0000)
Event: 1.880 GC heap after
Heap after GC invocations=21 (full 0):
 def new generation   total 4928K, used 379K [0x241a0000, 0x246f0000, 0x296f0000)
  eden space 4416K,   0% used [0x241a0000, 0x241a0000, 0x245f0000)
  from space 512K,  74% used [0x24670000, 0x246ceed0, 0x246f0000)
  to   space 512K,   0% used [0x245f0000, 0x245f0000, 0x24670000)
 tenured generation   total 10944K, used 7349K [0x296f0000, 0x2a1a0000, 0x341a0000)
   the space 10944K,  67% used [0x296f0000, 0x29e1d720, 0x29e1d800, 0x2a1a0000)
 compacting perm gen  total 12288K, used 6555K [0x341a0000, 0x34da0000, 0x381a0000)
   the space 12288K,  53% used [0x341a0000, 0x34806db0, 0x34806e00, 0x34da0000)
    ro space 10240K,  45% used [0x381a0000, 0x38629b28, 0x38629c00, 0x38ba0000)
    rw space 12288K,  54% used [0x38ba0000, 0x3922d0e8, 0x3922d200, 0x397a0000)
}
Event: 2.021 GC heap before
{Heap before GC invocations=21 (full 0):
 def new generation   total 4928K, used 4795K [0x241a0000, 0x246f0000, 0x296f0000)
  eden space 4416K, 100% used [0x241a0000, 0x245f0000, 0x245f0000)
  from space 512K,  74% used [0x24670000, 0x246ceed0, 0x246f0000)
  to   space 512K,   0% used [0x245f0000, 0x245f0000, 0x24670000)
 tenured generation   total 10944K, used 7349K [0x296f0000, 0x2a1a0000, 0x341a0000)
   the space 10944K,  67% used [0x296f0000, 0x29e1d720, 0x29e1d800, 0x2a1a0000)
 compacting perm gen  total 12288K, used 6612K [0x341a0000, 0x34da0000, 0x381a0000)
   the space 12288K,  53% used [0x341a0000, 0x348151e0, 0x34815200, 0x34da0000)
    ro space 10240K,  45% used [0x381a0000, 0x38629b28, 0x38629c00, 0x38ba0000)
    rw space 12288K,  54% used [0x38ba0000, 0x3922d0e8, 0x3922d200, 0x397a0000)
Event: 2.024 GC heap after
Heap after GC invocations=22 (full 0):
 def new generation   total 4928K, used 356K [0x241a0000, 0x246f0000, 0x296f0000)
  eden space 4416K,   0% used [0x241a0000, 0x241a0000, 0x245f0000)
  from space 512K,  69% used [0x245f0000, 0x24649170, 0x24670000)
  to   space 512K,   0% used [0x24670000, 0x24670000, 0x246f0000)
 tenured generation   total 10944K, used 7559K [0x296f0000, 0x2a1a0000, 0x341a0000)
   the space 10944K,  69% used [0x296f0000, 0x29e51f38, 0x29e52000, 0x2a1a0000)
 compacting perm gen  total 12288K, used 6612K [0x341a0000, 0x34da0000, 0x381a0000)
   the space 12288K,  53% used [0x341a0000, 0x348151e0, 0x34815200, 0x34da0000)
    ro space 10240K,  45% used [0x381a0000, 0x38629b28, 0x38629c00, 0x38ba0000)
    rw space 12288K,  54% used [0x38ba0000, 0x3922d0e8, 0x3922d200, 0x397a0000)
}

Deoptimization events (0 events):
No events

Internal exceptions (10 events):
Event: 1.948 Thread 0x0282b400 Threw 0x244c3a60 at C:\jdk7u2_32P\jdk7u25\hotspot\src\share\vm\prims\jvm.cpp:1235
Event: 1.948 Thread 0x0282b400 Threw 0x244c99f8 at C:\jdk7u2_32P\jdk7u25\hotspot\src\share\vm\prims\jvm.cpp:1235
Event: 1.948 Thread 0x0282b400 Threw 0x244ca120 at C:\jdk7u2_32P\jdk7u25\hotspot\src\share\vm\prims\jvm.cpp:1235
Event: 1.995 Thread 0x0282b400 Threw 0x245216e0 at C:\jdk7u2_32P\jdk7u25\hotspot\src\share\vm\prims\jvm.cpp:1235
Event: 1.995 Thread 0x0282b400 Threw 0x24521de8 at C:\jdk7u2_32P\jdk7u25\hotspot\src\share\vm\prims\jvm.cpp:1235
Event: 1.996 Thread 0x0282b400 Threw 0x245293b8 at C:\jdk7u2_32P\jdk7u25\hotspot\src\share\vm\prims\jvm.cpp:1235
Event: 1.996 Thread 0x0282b400 Threw 0x24529a98 at C:\jdk7u2_32P\jdk7u25\hotspot\src\share\vm\prims\jvm.cpp:1235
Event: 1.997 Thread 0x0282b400 Threw 0x2452f260 at C:\jdk7u2_32P\jdk7u25\hotspot\src\share\vm\prims\jvm.cpp:1235
Event: 1.997 Thread 0x0282b400 Threw 0x2452f900 at C:\jdk7u2_32P\jdk7u25\hotspot\src\share\vm\prims\jvm.cpp:1235
Event: 2.123 Thread 0x0282b400 Implicit null exception at 0x028c2353 to 0x00000000

Events (10 events):
Event: 1.948 loading class 0x05138078
Event: 1.948 loading class 0x05138078 done
Event: 1.995 loading class 0x0523d858
Event: 1.995 loading class 0x0523d858 done
Event: 1.996 loading class 0x051c5f90
Event: 1.996 loading class 0x051c5f90 done
Event: 1.997 loading class 0x051c5be8
Event: 1.997 loading class 0x051c5be8 done
Event: 2.021 Executing VM operation: GenCollectForAllocation
Event: 2.024 Executing VM operation: GenCollectForAllocation done


Dynamic libraries:
0x00a30000 - 0x00a5f000 	C:\Program Files (x86)\Java\jdk1.7.0_25\bin\javaw.exe
0x77e00000 - 0x77f6f000 	C:\WINDOWS\SYSTEM32\ntdll.dll
0x75df0000 - 0x75f30000 	C:\WINDOWS\SYSTEM32\KERNEL32.DLL
0x76580000 - 0x76657000 	C:\WINDOWS\SYSTEM32\KERNELBASE.dll
0x74400000 - 0x744a0000 	C:\WINDOWS\system32\apphelp.dll
0x5e590000 - 0x5e7f5000 	C:\WINDOWS\AppPatch\AcGenral.DLL
0x76660000 - 0x76723000 	C:\WINDOWS\SYSTEM32\msvcrt.dll
0x76030000 - 0x76071000 	C:\WINDOWS\SYSTEM32\sechost.dll
0x77a40000 - 0x77a5e000 	C:\WINDOWS\SYSTEM32\SspiCli.dll
0x77b30000 - 0x77b75000 	C:\WINDOWS\SYSTEM32\SHLWAPI.dll
0x75030000 - 0x7511d000 	C:\WINDOWS\SYSTEM32\UxTheme.dll
0x757b0000 - 0x75903000 	C:\WINDOWS\SYSTEM32\USER32.dll
0x76080000 - 0x7618c000 	C:\WINDOWS\SYSTEM32\GDI32.dll
0x74df0000 - 0x74e13000 	C:\WINDOWS\SYSTEM32\WINMM.dll
0x5ed00000 - 0x5ed13000 	C:\WINDOWS\SYSTEM32\samcli.dll
0x75680000 - 0x757a9000 	C:\WINDOWS\SYSTEM32\ole32.dll
0x75bc0000 - 0x75c57000 	C:\WINDOWS\SYSTEM32\OLEAUT32.dll
0x70ed0000 - 0x70ee7000 	C:\WINDOWS\SYSTEM32\MSACM32.dll
0x75560000 - 0x75568000 	C:\WINDOWS\SYSTEM32\VERSION.dll
0x76730000 - 0x779ea000 	C:\WINDOWS\SYSTEM32\SHELL32.dll
0x74ff0000 - 0x7500b000 	C:\WINDOWS\SYSTEM32\USERENV.dll
0x75010000 - 0x7502a000 	C:\WINDOWS\SYSTEM32\dwmapi.dll
0x751a0000 - 0x752eb000 	C:\WINDOWS\SYSTEM32\urlmon.dll
0x77b90000 - 0x77c0c000 	C:\WINDOWS\SYSTEM32\ADVAPI32.dll
0x75120000 - 0x75185000 	C:\WINDOWS\SYSTEM32\WINSPOOL.DRV
0x75540000 - 0x75556000 	C:\WINDOWS\SYSTEM32\MPR.dll
0x77a60000 - 0x77b1a000 	C:\WINDOWS\SYSTEM32\RPCRT4.dll
0x755e0000 - 0x755ea000 	C:\WINDOWS\SYSTEM32\CRYPTBASE.dll
0x75c60000 - 0x75ddd000 	C:\WINDOWS\SYSTEM32\combase.dll
0x748d0000 - 0x748f3000 	C:\WINDOWS\SYSTEM32\WINMMBASE.dll
0x75440000 - 0x7544f000 	C:\WINDOWS\SYSTEM32\profapi.dll
0x74bb0000 - 0x74de5000 	C:\WINDOWS\SYSTEM32\iertutil.dll
0x74900000 - 0x74bab000 	C:\WINDOWS\SYSTEM32\WININET.dll
0x75580000 - 0x755d4000 	C:\WINDOWS\SYSTEM32\bcryptPrimitives.dll
0x779f0000 - 0x77a2c000 	C:\WINDOWS\SYSTEM32\cfgmgr32.dll
0x748a0000 - 0x748c1000 	C:\WINDOWS\SYSTEM32\DEVOBJ.dll
0x75350000 - 0x753db000 	C:\WINDOWS\SYSTEM32\SHCORE.DLL
0x76000000 - 0x76027000 	C:\WINDOWS\system32\IMM32.DLL
0x77c10000 - 0x77d22000 	C:\WINDOWS\SYSTEM32\MSCTF.dll
0x73ff0000 - 0x741f6000 	C:\WINDOWS\WinSxS\x86_microsoft.windows.common-controls_6595b64144ccf1df_6.0.9600.17810_none_a9edf09f013934e0\COMCTL32.dll
0x5e4d0000 - 0x5e58e000 	C:\Program Files (x86)\Java\jdk1.7.0_25\jre\bin\msvcr100.dll
0x55260000 - 0x555a2000 	C:\Program Files (x86)\Java\jdk1.7.0_25\jre\bin\client\jvm.dll
0x73d20000 - 0x73d28000 	C:\WINDOWS\SYSTEM32\WSOCK32.dll
0x77b80000 - 0x77b86000 	C:\WINDOWS\SYSTEM32\PSAPI.DLL
0x75910000 - 0x7595f000 	C:\WINDOWS\SYSTEM32\WS2_32.dll
0x77a30000 - 0x77a37000 	C:\WINDOWS\SYSTEM32\NSI.dll
0x5eba0000 - 0x5ebac000 	C:\Program Files (x86)\Java\jdk1.7.0_25\jre\bin\verify.dll
0x5eb80000 - 0x5eba0000 	C:\Program Files (x86)\Java\jdk1.7.0_25\jre\bin\java.dll
0x5e4b0000 - 0x5e4c3000 	C:\Program Files (x86)\Java\jdk1.7.0_25\jre\bin\zip.dll
0x5e480000 - 0x5e494000 	C:\Program Files (x86)\Java\jdk1.7.0_25\jre\bin\net.dll
0x74670000 - 0x746bb000 	C:\WINDOWS\system32\mswsock.dll
0x5e470000 - 0x5e47f000 	C:\Program Files (x86)\Java\jdk1.7.0_25\jre\bin\nio.dll
0x746c0000 - 0x74801000 	C:\WINDOWS\SYSTEM32\dbghelp.dll

VM Arguments:
jvm_args: -Dmaven.home=EMBEDDED -Dclassworlds.conf=F:\Lenovo_Work\REST API\.metadata\.plugins\org.eclipse.m2e.launching\launches\m2conf6905231296120549266.tmp -Dmaven.multiModuleProjectDirectory=F:\Kepler_Work\spring_with_rest_messenger -Dfile.encoding=Cp1252 
java_command: org.codehaus.plexus.classworlds.launcher.Launcher -B install
Launcher Type: SUN_STANDARD

Environment Variables:
JAVA_HOME=C:\Program Files (x86)\Java\jdk1.7.0_25
PATH=C:/Program Files (x86)/Java/jre7/bin/client;C:/Program Files (x86)/Java/jre7/bin;C:/Program Files (x86)/Java/jre7/lib/i386;C:\Program Files (x86)\Lenovo\FusionEngine;C:\Program Files (x86)\Intel\iCLS Client\;C:\Program Files\Intel\iCLS Client\;C:\WINDOWS\system32;C:\WINDOWS;C:\WINDOWS\System32\Wbem;C:\WINDOWS\System32\WindowsPowerShell\v1.0\;C:\Program Files (x86)\ATI Technologies\ATI.ACE\Core-Static;C:\Program Files\Intel\Intel(R) Management Engine Components\DAL;C:\Program Files (x86)\Intel\Intel(R) Management Engine Components\DAL;C:\Program Files\Intel\Intel(R) Management Engine Components\IPT;C:\Program Files (x86)\Intel\Intel(R) Management Engine Components\IPT;C:\Program Files (x86)\Common Files\lenovo\easyplussdk\bin;C:\Program Files (x86)\Java\jdk1.8.0_131\bin;C:\Program Files (x86)\MySQL\MySQL Server 5.5\bin;F:\apache-maven-3.3.3\bin;C:\Program Files (x86)\Microsoft SQL Server\130\Tools\Binn\;C:\Program Files\Microsoft SQL Server\130\Tools\Binn\;C:\Program Files (x86)\Microsoft SQL Server\130\DTS\Binn\;C:\Program Files\Microsoft SQL Server\130\DTS\Binn\;C:\Program Files\Microsoft SQL Server\Client SDK\ODBC\130\Tools\Binn\;C:\Program Files (x86)\Microsoft SQL Server\Client SDK\ODBC\130\Tools\Binn\;C:\Program Files (x86)\Microsoft SQL Server\140\Tools\Binn\;C:\Program Files (x86)\Microsoft SQL Server\140\DTS\Binn\;C:\Program Files (x86)\Microsoft SQL Server\140\Tools\Binn\ManagementStudio\;C:\Program Files (x86)\Skype\Phone\;C:\Program Files (x86)\Java\jdk1.7.0_25\bin;;F:\JAVA_FOLDER\JLC_SOFTWARE\eclipse-jee-mars-2-win32\eclipse;
USERNAME=Manish
OS=Windows_NT
PROCESSOR_IDENTIFIER=Intel64 Family 6 Model 61 Stepping 4, GenuineIntel



---------------  S Y S T E M  ---------------

OS: Windows 8 , 64 bit Build 9200 

CPU:total 4 (2 cores per cpu, 2 threads per core) family 6 model 61 stepping 4, cmov, cx8, fxsr, mmx, sse, sse2, sse3, ssse3, sse4.1, sse4.2, popcnt, avx, avx2, ht, tsc, tscinvbit

Memory: 4k page, physical 12492808k(8305972k free), swap 14393352k(9595152k free)

vm_info: Java HotSpot(TM) Client VM (23.25-b01) for windows-x86 JRE (1.7.0_25-b17), built on Jun 21 2013 13:06:48 by "java_re" with unknown MS VC++:1600

time: Wed Aug 02 00:36:12 2017
elapsed time: 2 seconds

